<?xml version="1.0" encoding="UTF-8"?>
<testsuite name="com.authorsandbooksapp.AuthorsAndBooksAppApplicationTests" tests="1" skipped="0" failures="0" errors="0" timestamp="2023-10-18T11:15:05" hostname="DESKTOP-C79ULR5" time="0.634">
  <properties/>
  <testcase name="contextLoads()" classname="com.authorsandbooksapp.AuthorsAndBooksAppApplicationTests" time="0.634"/>
  <system-out><![CDATA[15:14:58.256 [Test worker] INFO org.springframework.test.context.support.AnnotationConfigContextLoaderUtils -- Could not detect default configuration classes for test class [com.authorsandbooksapp.AuthorsAndBooksAppApplicationTests]: AuthorsAndBooksAppApplicationTests does not declare any static, non-private, non-final, nested classes annotated with @Configuration.
15:14:58.395 [Test worker] INFO org.springframework.boot.test.context.SpringBootTestContextBootstrapper -- Found @SpringBootConfiguration com.authorsandbooksapp.AuthorsAndBooksAppApplication for test class com.authorsandbooksapp.AuthorsAndBooksAppApplicationTests

  .   ____          _            __ _ _
 /\\ / ___'_ __ _ _(_)_ __  __ _ \ \ \ \
( ( )\___ | '_ | '_| | '_ \/ _` | \ \ \ \
 \\/  ___)| |_)| | | | | || (_| |  ) ) ) )
  '  |____| .__|_| |_|_| |_\__, | / / / /
 =========|_|==============|___/=/_/_/_/
 :: Spring Boot ::                (v3.1.4)

2023-10-18T15:14:59.022+04:00  INFO 16960 --- [    Test worker] c.a.AuthorsAndBooksAppApplicationTests   : Starting AuthorsAndBooksAppApplicationTests using Java 20.0.1 with PID 16960 (started by Arman in C:\Users\Arman\IdeaProjects\AuthorsAndBooksApp)
2023-10-18T15:14:59.024+04:00  INFO 16960 --- [    Test worker] c.a.AuthorsAndBooksAppApplicationTests   : No active profile set, falling back to 1 default profile: "default"
2023-10-18T15:15:00.092+04:00  INFO 16960 --- [    Test worker] .s.d.r.c.RepositoryConfigurationDelegate : Bootstrapping Spring Data JPA repositories in DEFAULT mode.
2023-10-18T15:15:00.172+04:00  INFO 16960 --- [    Test worker] .s.d.r.c.RepositoryConfigurationDelegate : Finished Spring Data repository scanning in 65 ms. Found 2 JPA repository interfaces.
2023-10-18T15:15:00.727+04:00  INFO 16960 --- [    Test worker] com.zaxxer.hikari.HikariDataSource       : HikariPool-1 - Starting...
2023-10-18T15:15:01.918+04:00  INFO 16960 --- [    Test worker] com.zaxxer.hikari.pool.HikariPool        : HikariPool-1 - Added connection com.mysql.cj.jdbc.ConnectionImpl@70d4f672
2023-10-18T15:15:01.923+04:00  INFO 16960 --- [    Test worker] com.zaxxer.hikari.HikariDataSource       : HikariPool-1 - Start completed.
2023-10-18T15:15:02.011+04:00  INFO 16960 --- [    Test worker] o.hibernate.jpa.internal.util.LogHelper  : HHH000204: Processing PersistenceUnitInfo [name: default]
2023-10-18T15:15:02.166+04:00  INFO 16960 --- [    Test worker] org.hibernate.Version                    : HHH000412: Hibernate ORM core version 6.2.9.Final
2023-10-18T15:15:02.172+04:00  INFO 16960 --- [    Test worker] org.hibernate.cfg.Environment            : HHH000406: Using bytecode reflection optimizer
2023-10-18T15:15:02.466+04:00  INFO 16960 --- [    Test worker] o.h.b.i.BytecodeProviderInitiator        : HHH000021: Bytecode provider name : bytebuddy
2023-10-18T15:15:02.687+04:00  INFO 16960 --- [    Test worker] o.s.o.j.p.SpringPersistenceUnitInfo      : No LoadTimeWeaver setup: ignoring JPA class transformer
2023-10-18T15:15:03.232+04:00  INFO 16960 --- [    Test worker] o.h.b.i.BytecodeProviderInitiator        : HHH000021: Bytecode provider name : bytebuddy
2023-10-18T15:15:04.205+04:00  INFO 16960 --- [    Test worker] o.h.e.t.j.p.i.JtaPlatformInitiator       : HHH000490: Using JtaPlatform implementation: [org.hibernate.engine.transaction.jta.platform.internal.NoJtaPlatform]
2023-10-18T15:15:04.210+04:00  INFO 16960 --- [    Test worker] j.LocalContainerEntityManagerFactoryBean : Initialized JPA EntityManagerFactory for persistence unit 'default'
2023-10-18T15:15:05.146+04:00  WARN 16960 --- [    Test worker] JpaBaseConfiguration$JpaWebConfiguration : spring.jpa.open-in-view is enabled by default. Therefore, database queries may be performed during view rendering. Explicitly configure spring.jpa.open-in-view to disable this warning
2023-10-18T15:15:05.713+04:00  INFO 16960 --- [    Test worker] c.a.AuthorsAndBooksAppApplicationTests   : Started AuthorsAndBooksAppApplicationTests in 6.997 seconds (process running for 8.645)
]]></system-out>
  <system-err><![CDATA[]]></system-err>
</testsuite>
